d:\source-code\projects\visualstudio\webrtc-example-1nd\webrtc-example\objs\x64\debug\peerconnection_server\vc143.pdb
d:\source-code\projects\visualstudio\webrtc-example-1nd\webrtc-example\objs\x64\debug\peerconnection_server\vc143.idb
d:\source-code\projects\visualstudio\webrtc-example-1nd\webrtc-example\objs\x64\debug\peerconnection_server\utils.obj
d:\source-code\projects\visualstudio\webrtc-example-1nd\webrtc-example\objs\x64\debug\peerconnection_server\simple_command_line_parser.obj
d:\source-code\projects\visualstudio\webrtc-example-1nd\webrtc-example\objs\x64\debug\peerconnection_server\peer_channel.obj
d:\source-code\projects\visualstudio\webrtc-example-1nd\webrtc-example\objs\x64\debug\peerconnection_server\main.obj
d:\source-code\projects\visualstudio\webrtc-example-1nd\webrtc-example\objs\x64\debug\peerconnection_server\field_trial.obj
d:\source-code\projects\visualstudio\webrtc-example-1nd\webrtc-example\objs\x64\debug\peerconnection_server\data_socket.obj
d:\source-code\projects\visualstudio\webrtc-example-1nd\webrtc-example\bin\x64\debug\peerconnection_server\peerconnection_server.exe
d:\source-code\projects\visualstudio\webrtc-example-1nd\webrtc-example\objs\x64\debug\peerconnection_server\peerconnection_server.ilk
d:\source-code\projects\visualstudio\webrtc-example-1nd\webrtc-example\bin\x64\debug\peerconnection_server\peerconnection_server.pdb
d:\source-code\projects\visualstudio\webrtc-example-1nd\webrtc-example\peerconnection_server\..\bin\x64\debug\peerconnection_server\peerconnection_server.pdb
d:\source-code\projects\visualstudio\webrtc-example-1nd\webrtc-example\peerconnection_server\..\objs\x64\debug\peerconnection_server\peerconnection_server.vcxproj.filelistabsolute.txt
d:\source-code\projects\visualstudio\webrtc-example-1nd\webrtc-example\objs\x64\debug\peerconnection_server\peerconn.5755f404.tlog\cl.command.1.tlog
d:\source-code\projects\visualstudio\webrtc-example-1nd\webrtc-example\objs\x64\debug\peerconnection_server\peerconn.5755f404.tlog\cl.items.tlog
d:\source-code\projects\visualstudio\webrtc-example-1nd\webrtc-example\objs\x64\debug\peerconnection_server\peerconn.5755f404.tlog\cl.read.1.tlog
d:\source-code\projects\visualstudio\webrtc-example-1nd\webrtc-example\objs\x64\debug\peerconnection_server\peerconn.5755f404.tlog\cl.write.1.tlog
d:\source-code\projects\visualstudio\webrtc-example-1nd\webrtc-example\objs\x64\debug\peerconnection_server\peerconn.5755f404.tlog\link.command.1.tlog
d:\source-code\projects\visualstudio\webrtc-example-1nd\webrtc-example\objs\x64\debug\peerconnection_server\peerconn.5755f404.tlog\link.read.1.tlog
d:\source-code\projects\visualstudio\webrtc-example-1nd\webrtc-example\objs\x64\debug\peerconnection_server\peerconn.5755f404.tlog\link.write.1.tlog
